<?xml version="1.0" encoding="UTF-8"?>
<testsuite xmlns:xsi="http://www.w3.org/2001/XMLSchema-instance" xsi:noNamespaceSchemaLocation="https://maven.apache.org/surefire/maven-surefire-plugin/xsd/surefire-test-report-3.0.xsd" version="3.0" name="com.demo.tasker.resources.TaskResourceTest" time="1.391" tests="7" errors="0" skipped="0" failures="0">
  <properties>
[...]
</properties>
  <testcase name="deleteTaskAndReturnNotFoundwhenTaskDoesNotExist" classname="com.demo.tasker.resources.TaskResourceTest" time="0.125">
    <system-out><![CDATA[11:34:39.010 [main] DEBUG org.jboss.logging -- Logging Provider: org.jboss.logging.Slf4jLoggerProvider
11:34:39.012 [main] INFO org.hibernate.validator.internal.util.Version -- HV000001: Hibernate Validator 7.0.5.Final
11:34:39.021 [main] DEBUG org.hibernate.validator.internal.engine.AbstractConfigurationImpl -- Adding value extractor io.dropwizard.validation.valuehandling.GuavaOptionalValueExtractor@26b95b0b
11:34:39.021 [main] DEBUG org.hibernate.validator.internal.engine.AbstractConfigurationImpl -- Setting custom ConstraintValidatorFactory of type io.dropwizard.jersey.validation.MutableValidatorFactory
11:34:39.022 [main] DEBUG org.hibernate.validator.internal.engine.AbstractConfigurationImpl -- Setting custom ParameterNameProvider of type io.dropwizard.jersey.validation.JerseyParameterNameProvider
11:34:39.023 [main] DEBUG org.hibernate.validator.internal.engine.AbstractConfigurationImpl -- Adding value extractor io.dropwizard.jersey.validation.NonEmptyStringParamValueExtractor@5a237731
11:34:39.024 [main] DEBUG org.hibernate.validator.internal.engine.AbstractConfigurationImpl -- Adding value extractor io.dropwizard.jersey.validation.ParamValueExtractor@2123064f
11:34:39.026 [main] DEBUG org.hibernate.validator.internal.xml.config.ValidationXmlParser -- Trying to load META-INF/validation.xml for XML based Validator configuration.
11:34:39.026 [main] DEBUG org.hibernate.validator.internal.xml.config.ResourceLoaderHelper -- Trying to load META-INF/validation.xml via TCCL
11:34:39.026 [main] DEBUG org.hibernate.validator.internal.xml.config.ResourceLoaderHelper -- Trying to load META-INF/validation.xml via Hibernate Validator's class loader
11:34:39.027 [main] DEBUG org.hibernate.validator.internal.xml.config.ValidationXmlParser -- No META-INF/validation.xml found. Using annotation based configuration only.
11:34:39.029 [main] DEBUG org.hibernate.validator.internal.engine.resolver.TraversableResolvers -- Found jakarta.persistence.Persistence on classpath containing 'getPersistenceUtil'. Assuming JPA 2 environment. Trying to instantiate JPA aware TraversableResolver
11:34:39.030 [main] DEBUG org.hibernate.validator.internal.engine.resolver.TraversableResolvers -- Instantiated JPA aware TraversableResolver of type org.hibernate.validator.internal.engine.resolver.JPATraversableResolver.
11:34:39.041 [main] DEBUG org.hibernate.validator.messageinterpolation.ResourceBundleMessageInterpolator -- Loaded expression factory via original TCCL
11:34:39.100 [main] DEBUG org.hibernate.validator.internal.engine.ValidatorFactoryConfigurationHelper -- HV000252: Using org.hibernate.validator.internal.engine.DefaultPropertyNodeNameProvider as property node name provider.
11:34:39.104 [main] DEBUG org.hibernate.validator.internal.engine.ValidatorFactoryConfigurationHelper -- HV000234: Using org.hibernate.validator.messageinterpolation.ResourceBundleMessageInterpolator as ValidatorFactory-scoped message interpolator.
11:34:39.104 [main] DEBUG org.hibernate.validator.internal.engine.ValidatorFactoryConfigurationHelper -- HV000234: Using org.hibernate.validator.internal.engine.resolver.JPATraversableResolver as ValidatorFactory-scoped traversable resolver.
11:34:39.104 [main] DEBUG org.hibernate.validator.internal.engine.ValidatorFactoryConfigurationHelper -- HV000234: Using org.hibernate.validator.internal.util.ExecutableParameterNameProvider as ValidatorFactory-scoped parameter name provider.
11:34:39.104 [main] DEBUG org.hibernate.validator.internal.engine.ValidatorFactoryConfigurationHelper -- HV000234: Using org.hibernate.validator.internal.engine.DefaultClockProvider as ValidatorFactory-scoped clock provider.
11:34:39.104 [main] DEBUG org.hibernate.validator.internal.engine.ValidatorFactoryConfigurationHelper -- HV000234: Using org.hibernate.validator.internal.engine.scripting.DefaultScriptEvaluatorFactory as ValidatorFactory-scoped script evaluator factory.
]]></system-out>
  </testcase>
  <testcase name="testGetAllTasks" classname="com.demo.tasker.resources.TaskResourceTest" time="0.057"/>
  <testcase name="createTaskSuccess" classname="com.demo.tasker.resources.TaskResourceTest" time="0.013"/>
  <testcase name="updateTaskAndReturnOKwhenTaskExist" classname="com.demo.tasker.resources.TaskResourceTest" time="0.002"/>
  <testcase name="createTaskFailure" classname="com.demo.tasker.resources.TaskResourceTest" time="0.008"/>
  <testcase name="updateTaskAndReturnNotFoundwhenTaskDoesNotExist" classname="com.demo.tasker.resources.TaskResourceTest" time="0.002"/>
  <testcase name="deleteTaskAndReturnOKwhenTaskExist" classname="com.demo.tasker.resources.TaskResourceTest" time="0.001"/>
</testsuite>